[2026-01-27 23:06:38] AC
[2026-01-27 23:06:41] BC
[2026-01-27 23:07:42] AD 81424 200
[2026-01-27 23:14:35] BA 
[2026-01-27 23:14:37] BN
[2026-01-27 23:16:02] AC 
[2026-01-27 23:16:05] BN 
[2026-01-27 23:16:10] BC 
[2026-01-27 23:16:12] AC 
[2026-01-27 23:16:30] AC 51651
[2026-01-27 23:48:11] BC 
[2026-01-27 23:50:45] BC 
[2026-01-27 23:51:09] AC 
[2026-01-27 23:51:35] AD 40886/192.168.0.141 5000
[2026-01-27 23:51:49] AB 40886/192.168.0.141
[2026-01-27 23:52:31] AR 15401/192.168.0.141
[2026-01-27 23:55:05] AC 
[2026-01-27 23:55:19] BC 
[2026-01-27 23:55:30] AR 41993/192.168.0.141
[2026-01-28 19:44:00] AC 
[2026-01-28 19:44:01] AC 
[2026-01-28 19:44:02] AC 
[2026-01-28 19:44:03] AC 
[2026-01-28 19:44:03] AC 
[2026-01-28 19:44:14] AC 
[2026-01-28 19:44:18] AC 
[2026-01-28 19:44:42] AD 47465/192.168.0.141 2000000000
[2026-01-28 19:45:01] AD 48465/192.168.0.141 2000000000000
[2026-01-28 19:46:26] AC 
[2026-01-28 19:46:28] AC 
[2026-01-28 19:46:38] AC 
[2026-01-28 19:49:25] AC 
[2026-01-28 19:49:26] AC 
[2026-01-28 19:49:28] AC 
[2026-01-28 19:49:30] AC 
[2026-01-28 19:49:33] AC 
[2026-01-28 19:50:57] AC 
[2026-01-28 19:50:59] AC 
